<?xml version="1.0" encoding="UTF-8"?>
<!-- Generated by org.testng.reporters.JUnitXMLReporter -->
<testsuite ignored="0" hostname="VODONG" failures="0" tests="11" name="Run on FireFox" time="425.059" errors="0" timestamp="03 Jul 2022 06:52:15 GMT">
  <testcase classname="com.revu.admin.kr.Advertiser_Management_Role" name="@AfterClass afterClass" time="0.0">
    <failure type="org.testng.TestNGException" message="
Can inject only one of &amp;lt;ITestContext, XmlTest&amp;gt; into a @AfterClass annotated afterClass.
For more information on native dependency injection please refer to http://testng.org/doc/documentation-main.html#native-dependency-injection">
      <![CDATA[org.testng.TestNGException: 
Can inject only one of <ITestContext, XmlTest> into a @AfterClass annotated afterClass.
For more information on native dependency injection please refer to http://testng.org/doc/documentation-main.html#native-dependency-injection
... Removed 23 stack frames]]>
    </failure>
  </testcase> <!-- @AfterClass afterClass -->
  <testcase classname="com.revu.admin.kr.Advertiser_Management_Role" name="TC_01_Open_Admin_Page_And_Select_Country" time="6.448"/>
  <testcase classname="com.revu.admin.kr.Advertiser_Management_Role" name="TC_02_Login_To_DashBoard_Page" time="13.953"/>
  <testcase classname="com.revu.admin.kr.Advertiser_Management_Role" name="TC_03_Check_Translate_To_Korea_Brand_Management_Page" time="59.931"/>
  <testcase classname="com.revu.admin.kr.Advertiser_Management_Role" name="TC_04_Check_Translate_To_English_Brand_Management_Page" time="33.334"/>
  <testcase classname="com.revu.admin.kr.Advertiser_Management_Role" name="TC_05_Check_Translate_To_Korea_Create_Brand_Page" time="44.956"/>
  <testcase classname="com.revu.admin.kr.Advertiser_Management_Role" name="TC_06_Check_Translate_To_English_Create_Brand_Page" time="47.713"/>
  <testcase classname="com.revu.admin.kr.Advertiser_Management_Role" name="TC_07_Create_Brand_Non_Use_Option" time="30.974"/>
  <testcase classname="com.revu.admin.kr.Advertiser_Management_Role" name="TC_08_Delete_Brand_Advertiser_Do_Not_Have_CamPaign" time="32.91"/>
  <testcase classname="com.revu.admin.kr.Advertiser_Management_Role" name="TC_09_Create_Brand_Use_Option" time="37.253"/>
  <testcase classname="com.revu.admin.kr.Advertiser_Management_Role" name="TC_10_Delete_Brand_Advertiser_Has_CamPaign" time="26.308"/>
  <testcase classname="com.revu.admin.kr.Advertiser_Management_Role" name="TC_11_Edit_Brand_Information" time="84.689"/>
</testsuite> <!-- Run on FireFox -->
